<?xml version="1.0" encoding="UTF-8"?>
<!-- Generated by org.testng.reporters.JUnitXMLReporter -->
<testsuite ignored="0" hostname="DESKTOP-8AONTAN" failures="0" tests="3" name="Default test" time="50.319" errors="0" timestamp="28 Feb 2022 07:46:53 GMT">
  <testcase classname="com.amazon.stepdefinition.Aamazon" name="aftermethod" time="0.012"/>
  <testcase classname="com.amazon.stepdefinition.Aamazon" name="method1" time="14.475"/>
  <testcase classname="com.amazon.stepdefinition.Aamazon" name="method3" time="0.627"/>
</testsuite> <!-- Default test -->
