<?xml version="1.0" encoding="UTF-8"?>
<testng-results ignored="0" total="3" passed="3" failed="0" skipped="0">
  <reporter-output>
  </reporter-output>
  <suite started-at="2022-02-28T07:46:02Z" name="Default suite" finished-at="2022-02-28T07:46:53Z" duration-ms="50319">
    <groups>
    </groups>
    <test started-at="2022-02-28T07:46:02Z" name="Default test" finished-at="2022-02-28T07:46:53Z" duration-ms="50319">
      <class name="com.amazon.stepdefinition.Aamazon">
        <test-method is-config="true" signature="browserlaunch()[pri:0, instance:com.amazon.stepdefinition.Aamazon@4196c360]" started-at="2022-02-28T07:46:02Z" name="browserlaunch" finished-at="2022-02-28T07:46:38Z" duration-ms="35129" status="PASS">
          <reporter-output>
          </reporter-output>
        </test-method> <!-- browserlaunch -->
        <test-method is-config="true" signature="beforemethod()[pri:0, instance:com.amazon.stepdefinition.Aamazon@4196c360]" started-at="2022-02-28T07:46:38Z" name="beforemethod" finished-at="2022-02-28T07:46:38Z" duration-ms="0" status="PASS">
          <reporter-output>
          </reporter-output>
        </test-method> <!-- beforemethod -->
        <test-method signature="aftermethod()[pri:0, instance:com.amazon.stepdefinition.Aamazon@4196c360]" started-at="2022-02-28T07:46:38Z" name="aftermethod" finished-at="2022-02-28T07:46:38Z" duration-ms="12" status="PASS">
          <reporter-output>
          </reporter-output>
        </test-method> <!-- aftermethod -->
        <test-method is-config="true" signature="beforemethod()[pri:0, instance:com.amazon.stepdefinition.Aamazon@4196c360]" started-at="2022-02-28T07:46:38Z" name="beforemethod" finished-at="2022-02-28T07:46:38Z" duration-ms="1" status="PASS">
          <reporter-output>
          </reporter-output>
        </test-method> <!-- beforemethod -->
        <test-method signature="method1()[pri:0, instance:com.amazon.stepdefinition.Aamazon@4196c360]" started-at="2022-02-28T07:46:38Z" name="method1" finished-at="2022-02-28T07:46:52Z" duration-ms="14475" status="PASS">
          <reporter-output>
          </reporter-output>
        </test-method> <!-- method1 -->
        <test-method signature="method3()[pri:0, instance:com.amazon.stepdefinition.Aamazon@4196c360]" started-at="2022-02-28T07:46:52Z" name="method3" finished-at="2022-02-28T07:46:53Z" duration-ms="627" status="PASS">
          <reporter-output>
          </reporter-output>
        </test-method> <!-- method3 -->
        <test-method is-config="true" signature="beforemethod()[pri:0, instance:com.amazon.stepdefinition.Aamazon@4196c360]" started-at="2022-02-28T07:46:52Z" name="beforemethod" finished-at="2022-02-28T07:46:52Z" duration-ms="0" status="PASS">
          <reporter-output>
          </reporter-output>
        </test-method> <!-- beforemethod -->
        <test-method is-config="true" signature="browserquit()[pri:0, instance:com.amazon.stepdefinition.Aamazon@4196c360]" started-at="2022-02-28T07:46:53Z" name="browserquit" finished-at="2022-02-28T07:46:53Z" duration-ms="1" status="PASS">
          <reporter-output>
          </reporter-output>
        </test-method> <!-- browserquit -->
      </class> <!-- com.amazon.stepdefinition.Aamazon -->
    </test> <!-- Default test -->
  </suite> <!-- Default suite -->
</testng-results>
